Step 1/20 : ARG PHP_VERSION
Step 2/20 : FROM ${PHP_VERSION}
 ---> d6d6955cedf6
Step 3/20 : ARG TZ
 ---> Using cache
 ---> cf35f1fb75b0
Step 4/20 : ARG PHP_EXTENSIONS
 ---> Using cache
 ---> 8b9173b56b49
Step 5/20 : ARG CONTAINER_PACKAGE_URL
 ---> Using cache
 ---> 8dd56f22e6a0
Step 6/20 : COPY ./initsh /usr/local/bin/
 ---> Using cache
 ---> 1ae41e3f6813
Step 7/20 : RUN chmod 777 /usr/local/bin/initsh
 ---> Using cache
 ---> e51cde8299d7
Step 8/20 : RUN if [ $CONTAINER_PACKAGE_URL ] ; then sed -i "s/dl-cdn.alpinelinux.org/${CONTAINER_PACKAGE_URL}/g" /etc/apk/repositories ; fi
 ---> Using cache
 ---> ce46a28aa32c
Step 9/20 : COPY ./extensions /tmp/extensions
 ---> Using cache
 ---> 0479890af0f1
Step 10/20 : WORKDIR /tmp/extensions
 ---> Using cache
 ---> 843fd247aefd
Step 11/20 : RUN chmod +x install.sh     && sh install.sh     && rm -rf /tmp/extensions
 ---> Using cache
 ---> 9a04c4bde108
Step 12/20 : ADD ./extensions/install-php-extensions  /usr/local/bin/
 ---> Using cache
 ---> 4932caf45846
Step 13/20 : RUN chmod uga+x /usr/local/bin/install-php-extensions
 ---> Using cache
 ---> 12becd17a875
Step 14/20 : RUN apk --no-cache add tzdata     && cp "/usr/share/zoneinfo/$TZ" /etc/localtime     && echo "$TZ" > /etc/timezone
 ---> Using cache
 ---> 9337f1728d36
Step 15/20 : RUN apk add git gnu-libiconv libstdc++ --no-cache --repository http://${CONTAINER_PACKAGE_URL}/alpine/edge/community/ --allow-untrusted
 ---> Using cache
 ---> d2bc45722de5
Step 16/20 : ENV LD_PRELOAD /usr/lib/preloadable_libiconv.so php
 ---> Using cache
 ---> 26d84ed7abbe
Step 17/20 : RUN curl -o /usr/bin/composer https://mirrors.aliyun.com/composer/composer.phar     && chmod +x /usr/bin/composer
 ---> Using cache
 ---> 5754fef7b640
Step 18/20 : ENV COMPOSER_HOME=/tmp/composer
 ---> Using cache
 ---> fc9362a15d9f
Step 19/20 : RUN apk --no-cache add shadow && usermod -u 1000 www-data && groupmod -g 1000 www-data
 ---> Using cache
 ---> a6d7bcf044d6
Step 20/20 : WORKDIR /www
 ---> Using cache
 ---> a4f2223a2662

Successfully built a4f2223a2662
Successfully tagged dnmp_php:latest
